{"C:\\Users\\micko\\Documents\\Code\\cefim\\Cours\\testing\\tp-taverne\\taverne-celeste\\src\\taverne_celeste.js": {"path":"C:\\Users\\micko\\Documents\\Code\\cefim\\Cours\\testing\\tp-taverne\\taverne-celeste\\src\\taverne_celeste.js","all":false,"statementMap":{"0":{"start":{"line":1,"column":0},"end":{"line":1,"column":19}},"1":{"start":{"line":2,"column":0},"end":{"line":2,"column":42}},"2":{"start":{"line":3,"column":0},"end":{"line":3,"column":21}},"3":{"start":{"line":4,"column":0},"end":{"line":4,"column":33}},"4":{"start":{"line":5,"column":0},"end":{"line":5,"column":27}},"5":{"start":{"line":6,"column":0},"end":{"line":6,"column":3}},"6":{"start":{"line":7,"column":0},"end":{"line":7,"column":1}},"7":{"start":{"line":8,"column":0},"end":{"line":8,"column":0}},"8":{"start":{"line":9,"column":0},"end":{"line":9,"column":21}},"9":{"start":{"line":10,"column":0},"end":{"line":10,"column":0}},"10":{"start":{"line":11,"column":0},"end":{"line":11,"column":27}},"11":{"start":{"line":12,"column":0},"end":{"line":12,"column":23}},"12":{"start":{"line":13,"column":0},"end":{"line":13,"column":3}},"13":{"start":{"line":14,"column":0},"end":{"line":14,"column":0}},"14":{"start":{"line":15,"column":0},"end":{"line":15,"column":16}},"15":{"start":{"line":16,"column":0},"end":{"line":16,"column":32}},"16":{"start":{"line":17,"column":0},"end":{"line":17,"column":63}},"17":{"start":{"line":18,"column":0},"end":{"line":18,"column":15}},"18":{"start":{"line":19,"column":0},"end":{"line":19,"column":7}},"19":{"start":{"line":20,"column":0},"end":{"line":20,"column":0}},"20":{"start":{"line":21,"column":0},"end":{"line":21,"column":51}},"21":{"start":{"line":22,"column":0},"end":{"line":22,"column":46}},"22":{"start":{"line":23,"column":0},"end":{"line":23,"column":69}},"23":{"start":{"line":24,"column":0},"end":{"line":24,"column":54}},"24":{"start":{"line":25,"column":0},"end":{"line":25,"column":50}},"25":{"start":{"line":26,"column":0},"end":{"line":26,"column":38}},"26":{"start":{"line":27,"column":0},"end":{"line":27,"column":14}},"27":{"start":{"line":28,"column":0},"end":{"line":28,"column":36}},"28":{"start":{"line":29,"column":0},"end":{"line":29,"column":7}},"29":{"start":{"line":30,"column":0},"end":{"line":30,"column":0}},"30":{"start":{"line":31,"column":0},"end":{"line":31,"column":24}},"31":{"start":{"line":32,"column":0},"end":{"line":32,"column":7}},"32":{"start":{"line":33,"column":0},"end":{"line":33,"column":0}},"33":{"start":{"line":34,"column":0},"end":{"line":34,"column":22}},"34":{"start":{"line":35,"column":0},"end":{"line":35,"column":3}},"35":{"start":{"line":36,"column":0},"end":{"line":36,"column":0}},"36":{"start":{"line":37,"column":0},"end":{"line":37,"column":26}},"37":{"start":{"line":38,"column":0},"end":{"line":38,"column":19}},"38":{"start":{"line":39,"column":0},"end":{"line":39,"column":31}},"39":{"start":{"line":40,"column":0},"end":{"line":40,"column":21}},"40":{"start":{"line":41,"column":0},"end":{"line":41,"column":5}},"41":{"start":{"line":42,"column":0},"end":{"line":42,"column":41}},"42":{"start":{"line":43,"column":0},"end":{"line":43,"column":3}},"43":{"start":{"line":44,"column":0},"end":{"line":44,"column":0}},"44":{"start":{"line":45,"column":0},"end":{"line":45,"column":28}},"45":{"start":{"line":46,"column":0},"end":{"line":46,"column":22}},"46":{"start":{"line":47,"column":0},"end":{"line":47,"column":31}},"47":{"start":{"line":48,"column":0},"end":{"line":48,"column":24}},"48":{"start":{"line":49,"column":0},"end":{"line":49,"column":5}},"49":{"start":{"line":50,"column":0},"end":{"line":50,"column":41}},"50":{"start":{"line":51,"column":0},"end":{"line":51,"column":3}},"51":{"start":{"line":52,"column":0},"end":{"line":52,"column":0}},"52":{"start":{"line":53,"column":0},"end":{"line":53,"column":0}},"53":{"start":{"line":54,"column":0},"end":{"line":54,"column":0}},"54":{"start":{"line":55,"column":0},"end":{"line":55,"column":8}},"55":{"start":{"line":56,"column":0},"end":{"line":56,"column":0}},"56":{"start":{"line":57,"column":0},"end":{"line":57,"column":36}},"57":{"start":{"line":58,"column":0},"end":{"line":58,"column":19}},"58":{"start":{"line":59,"column":0},"end":{"line":59,"column":0}},"59":{"start":{"line":60,"column":0},"end":{"line":60,"column":41}},"60":{"start":{"line":61,"column":0},"end":{"line":61,"column":3}},"61":{"start":{"line":62,"column":0},"end":{"line":62,"column":0}},"62":{"start":{"line":63,"column":0},"end":{"line":63,"column":44}},"63":{"start":{"line":64,"column":0},"end":{"line":64,"column":31}},"64":{"start":{"line":65,"column":0},"end":{"line":65,"column":23}},"65":{"start":{"line":66,"column":0},"end":{"line":66,"column":37}},"66":{"start":{"line":67,"column":0},"end":{"line":67,"column":24}},"67":{"start":{"line":68,"column":0},"end":{"line":68,"column":38}},"68":{"start":{"line":69,"column":0},"end":{"line":69,"column":24}},"69":{"start":{"line":70,"column":0},"end":{"line":70,"column":12}},"70":{"start":{"line":71,"column":0},"end":{"line":71,"column":21}},"71":{"start":{"line":72,"column":0},"end":{"line":72,"column":5}},"72":{"start":{"line":73,"column":0},"end":{"line":73,"column":41}},"73":{"start":{"line":74,"column":0},"end":{"line":74,"column":3}},"74":{"start":{"line":75,"column":0},"end":{"line":75,"column":0}},"75":{"start":{"line":76,"column":0},"end":{"line":76,"column":35}},"76":{"start":{"line":77,"column":0},"end":{"line":77,"column":27}},"77":{"start":{"line":78,"column":0},"end":{"line":78,"column":23}},"78":{"start":{"line":79,"column":0},"end":{"line":79,"column":35}},"79":{"start":{"line":80,"column":0},"end":{"line":80,"column":24}},"80":{"start":{"line":81,"column":0},"end":{"line":81,"column":5}},"81":{"start":{"line":82,"column":0},"end":{"line":82,"column":3}},"82":{"start":{"line":83,"column":0},"end":{"line":83,"column":1}}},"s":{"0":1,"1":1,"2":13,"3":13,"4":13,"5":13,"6":1,"7":1,"8":1,"9":13,"10":13,"11":13,"12":13,"13":13,"14":13,"15":13,"16":13,"17":1,"18":1,"19":12,"20":13,"21":2,"22":13,"23":4,"24":10,"25":2,"26":6,"27":4,"28":4,"29":12,"30":12,"31":13,"32":13,"33":13,"34":13,"35":13,"36":13,"37":4,"38":4,"39":2,"40":2,"41":4,"42":4,"43":13,"44":13,"45":2,"46":2,"47":1,"48":1,"49":2,"50":2,"51":13,"52":13,"53":13,"54":13,"55":13,"56":13,"57":2,"58":2,"59":2,"60":2,"61":13,"62":13,"63":4,"64":1,"65":4,"66":1,"67":3,"68":1,"69":1,"70":1,"71":1,"72":4,"73":4,"74":13,"75":13,"76":12,"77":2,"78":12,"79":1,"80":1,"81":12,"82":13},"branchMap":{"0":{"type":"branch","line":2,"loc":{"start":{"line":2,"column":2},"end":{"line":6,"column":3}},"locations":[{"start":{"line":2,"column":2},"end":{"line":6,"column":3}}]},"1":{"type":"branch","line":9,"loc":{"start":{"line":9,"column":7},"end":{"line":83,"column":1}},"locations":[{"start":{"line":9,"column":7},"end":{"line":83,"column":1}}]},"2":{"type":"branch","line":11,"loc":{"start":{"line":11,"column":2},"end":{"line":13,"column":3}},"locations":[{"start":{"line":11,"column":2},"end":{"line":13,"column":3}}]},"3":{"type":"branch","line":15,"loc":{"start":{"line":15,"column":2},"end":{"line":35,"column":3}},"locations":[{"start":{"line":15,"column":2},"end":{"line":35,"column":3}}]},"4":{"type":"branch","line":16,"loc":{"start":{"line":16,"column":23},"end":{"line":32,"column":5}},"locations":[{"start":{"line":16,"column":23},"end":{"line":32,"column":5}}]},"5":{"type":"branch","line":17,"loc":{"start":{"line":17,"column":62},"end":{"line":19,"column":7}},"locations":[{"start":{"line":17,"column":62},"end":{"line":19,"column":7}}]},"6":{"type":"branch","line":20,"loc":{"start":{"line":20,"column":-2},"end":{"line":21,"column":50}},"locations":[{"start":{"line":20,"column":-2},"end":{"line":21,"column":50}}]},"7":{"type":"branch","line":21,"loc":{"start":{"line":21,"column":50},"end":{"line":23,"column":7}},"locations":[{"start":{"line":21,"column":50},"end":{"line":23,"column":7}}]},"8":{"type":"branch","line":23,"loc":{"start":{"line":23,"column":7},"end":{"line":29,"column":7}},"locations":[{"start":{"line":23,"column":7},"end":{"line":29,"column":7}}]},"9":{"type":"branch","line":23,"loc":{"start":{"line":23,"column":68},"end":{"line":25,"column":7}},"locations":[{"start":{"line":23,"column":68},"end":{"line":25,"column":7}}]},"10":{"type":"branch","line":25,"loc":{"start":{"line":25,"column":7},"end":{"line":29,"column":7}},"locations":[{"start":{"line":25,"column":7},"end":{"line":29,"column":7}}]},"11":{"type":"branch","line":25,"loc":{"start":{"line":25,"column":49},"end":{"line":27,"column":7}},"locations":[{"start":{"line":25,"column":49},"end":{"line":27,"column":7}}]},"12":{"type":"branch","line":27,"loc":{"start":{"line":27,"column":7},"end":{"line":29,"column":7}},"locations":[{"start":{"line":27,"column":7},"end":{"line":29,"column":7}}]},"13":{"type":"branch","line":30,"loc":{"start":{"line":30,"column":-2},"end":{"line":32,"column":4}},"locations":[{"start":{"line":30,"column":-2},"end":{"line":32,"column":4}}]},"14":{"type":"branch","line":37,"loc":{"start":{"line":37,"column":2},"end":{"line":43,"column":3}},"locations":[{"start":{"line":37,"column":2},"end":{"line":43,"column":3}}]},"15":{"type":"branch","line":39,"loc":{"start":{"line":39,"column":30},"end":{"line":41,"column":5}},"locations":[{"start":{"line":39,"column":30},"end":{"line":41,"column":5}}]},"16":{"type":"branch","line":45,"loc":{"start":{"line":45,"column":2},"end":{"line":51,"column":3}},"locations":[{"start":{"line":45,"column":2},"end":{"line":51,"column":3}}]},"17":{"type":"branch","line":47,"loc":{"start":{"line":47,"column":30},"end":{"line":49,"column":5}},"locations":[{"start":{"line":47,"column":30},"end":{"line":49,"column":5}}]},"18":{"type":"branch","line":57,"loc":{"start":{"line":57,"column":2},"end":{"line":61,"column":3}},"locations":[{"start":{"line":57,"column":2},"end":{"line":61,"column":3}}]},"19":{"type":"branch","line":63,"loc":{"start":{"line":63,"column":2},"end":{"line":74,"column":3}},"locations":[{"start":{"line":63,"column":2},"end":{"line":74,"column":3}}]},"20":{"type":"branch","line":64,"loc":{"start":{"line":64,"column":30},"end":{"line":66,"column":5}},"locations":[{"start":{"line":64,"column":30},"end":{"line":66,"column":5}}]},"21":{"type":"branch","line":66,"loc":{"start":{"line":66,"column":5},"end":{"line":72,"column":5}},"locations":[{"start":{"line":66,"column":5},"end":{"line":72,"column":5}}]},"22":{"type":"branch","line":66,"loc":{"start":{"line":66,"column":36},"end":{"line":68,"column":5}},"locations":[{"start":{"line":66,"column":36},"end":{"line":68,"column":5}}]},"23":{"type":"branch","line":68,"loc":{"start":{"line":68,"column":5},"end":{"line":72,"column":5}},"locations":[{"start":{"line":68,"column":5},"end":{"line":72,"column":5}}]},"24":{"type":"branch","line":68,"loc":{"start":{"line":68,"column":37},"end":{"line":72,"column":5}},"locations":[{"start":{"line":68,"column":37},"end":{"line":72,"column":5}}]},"25":{"type":"branch","line":76,"loc":{"start":{"line":76,"column":2},"end":{"line":82,"column":3}},"locations":[{"start":{"line":76,"column":2},"end":{"line":82,"column":3}}]},"26":{"type":"branch","line":77,"loc":{"start":{"line":77,"column":26},"end":{"line":79,"column":5}},"locations":[{"start":{"line":77,"column":26},"end":{"line":79,"column":5}}]},"27":{"type":"branch","line":79,"loc":{"start":{"line":79,"column":5},"end":{"line":81,"column":5}},"locations":[{"start":{"line":79,"column":5},"end":{"line":81,"column":5}}]},"28":{"type":"branch","line":79,"loc":{"start":{"line":79,"column":34},"end":{"line":81,"column":5}},"locations":[{"start":{"line":79,"column":34},"end":{"line":81,"column":5}}]}},"b":{"0":[13],"1":[13],"2":[13],"3":[13],"4":[13],"5":[1],"6":[12],"7":[2],"8":[10],"9":[4],"10":[6],"11":[2],"12":[4],"13":[12],"14":[4],"15":[2],"16":[2],"17":[1],"18":[2],"19":[4],"20":[1],"21":[3],"22":[1],"23":[2],"24":[1],"25":[12],"26":[2],"27":[10],"28":[1]},"fnMap":{"0":{"name":"Item","decl":{"start":{"line":2,"column":2},"end":{"line":6,"column":3}},"loc":{"start":{"line":2,"column":2},"end":{"line":6,"column":3}},"line":2},"1":{"name":"<instance_members_initializer>","decl":{"start":{"line":9,"column":7},"end":{"line":83,"column":1}},"loc":{"start":{"line":9,"column":7},"end":{"line":83,"column":1}},"line":9},"2":{"name":"Tavern","decl":{"start":{"line":11,"column":2},"end":{"line":13,"column":3}},"loc":{"start":{"line":11,"column":2},"end":{"line":13,"column":3}},"line":11},"3":{"name":"modifyItem","decl":{"start":{"line":15,"column":2},"end":{"line":35,"column":3}},"loc":{"start":{"line":15,"column":2},"end":{"line":35,"column":3}},"line":15},"4":{"name":"updateNormalItem","decl":{"start":{"line":37,"column":2},"end":{"line":43,"column":3}},"loc":{"start":{"line":37,"column":2},"end":{"line":43,"column":3}},"line":37},"5":{"name":"updateAccursedItem","decl":{"start":{"line":45,"column":2},"end":{"line":51,"column":3}},"loc":{"start":{"line":45,"column":2},"end":{"line":51,"column":3}},"line":45},"6":{"name":"updateDarnassianBlueCheese","decl":{"start":{"line":57,"column":2},"end":{"line":61,"column":3}},"loc":{"start":{"line":57,"column":2},"end":{"line":61,"column":3}},"line":57},"7":{"name":"updateInvitationsToMysticalConcert","decl":{"start":{"line":63,"column":2},"end":{"line":74,"column":3}},"loc":{"start":{"line":63,"column":2},"end":{"line":74,"column":3}},"line":63},"8":{"name":"ensureQualityWithinBounds","decl":{"start":{"line":76,"column":2},"end":{"line":82,"column":3}},"loc":{"start":{"line":76,"column":2},"end":{"line":82,"column":3}},"line":76}},"f":{"0":13,"1":13,"2":13,"3":13,"4":4,"5":2,"6":2,"7":4,"8":12}}
}
